<?xml version="1.0" encoding="UTF-8"?>
<!-- Generated by org.testng.reporters.JUnitXMLReporter -->
<testsuite hostname="DESKTOP-6AGH14P" ignored="0" name="Default test" tests="3" failures="0" timestamp="27 Nov 2022 06:16:52 GMT" time="0.948" errors="0">
  <testcase name="test" time="0.005" classname="Maven.MAVENPROJECT.ExcelTestNGDataprovider"/>
  <testcase name="test" time="0.001" classname="Maven.MAVENPROJECT.ExcelTestNGDataprovider"/>
  <testcase name="test" time="0.001" classname="Maven.MAVENPROJECT.ExcelTestNGDataprovider"/>
</testsuite> <!-- Default test -->
